[  8727.727] 
X.Org X Server 1.21.1.2
X Protocol Version 11, Revision 0
[  8727.727] Current Operating System: Linux ideapad-s145 5.16.9-arch1-1 #1 SMP PREEMPT Fri, 11 Feb 2022 22:42:06 +0000 x86_64
[  8727.727] Kernel command line: BOOT_IMAGE=/boot/vmlinuz-linux root=UUID=0b092b2b-b4f3-468b-9891-4b175b2aa464 rw quiet loglevel=3 audit=0 radeon.cik_support=0 amdgpu.cik_support=1 radeon.si_support=0 amdgpu.si_support=1
[  8727.727]  
[  8727.727] Current version of pixman: 0.40.0
[  8727.727] 	Before reporting problems, check http://wiki.x.org
	to make sure that you have the latest version.
[  8727.727] Markers: (--) probed, (**) from config file, (==) default setting,
	(++) from command line, (!!) notice, (II) informational,
	(WW) warning, (EE) error, (NI) not implemented, (??) unknown.
[  8727.727] (++) Log file: ".xorgxrdp.11.log", Time: Wed Feb 16 02:11:54 2022
[  8727.727] (++) Using config file: "/etc/X11/xrdp/xorg.conf"
[  8727.727] (==) Using system config directory "/usr/share/X11/xorg.conf.d"
[  8727.727] (**) Option "defaultserverlayout" "X11 Server"
[  8727.727] (**) ServerLayout "X11 Server"
[  8727.727] (**) |-->Screen "Screen (xrdpdev)" (0)
[  8727.727] (**) |   |-->Monitor "Monitor"
[  8727.728] (**) |   |-->Device "Video Card (xrdpdev)"
[  8727.728] (**) |-->Input Device "xrdpMouse"
[  8727.728] (**) |-->Input Device "xrdpKeyboard"
[  8727.728] (**) Option "DontVTSwitch" "on"
[  8727.728] (**) Option "AutoAddDevices" "off"
[  8727.728] (**) Not automatically adding devices
[  8727.728] (==) Automatically enabling devices
[  8727.728] (==) Automatically adding GPU devices
[  8727.728] (==) Automatically binding GPU devices
[  8727.728] (==) Max clients allowed: 256, resource mask: 0x1fffff
[  8727.728] (WW) The directory "/usr/share/fonts/TTF" does not exist.
[  8727.728] 	Entry deleted from font path.
[  8727.728] (WW) The directory "/usr/share/fonts/Type1" does not exist.
[  8727.728] 	Entry deleted from font path.
[  8727.728] (==) FontPath set to:
	/usr/share/fonts/misc,
	/usr/share/fonts/100dpi:unscaled,
	/usr/share/fonts/75dpi:unscaled
[  8727.728] (==) ModulePath set to "/usr/lib/xorg/modules"
[  8727.728] (II) Module ABI versions:
[  8727.728] 	X.Org ANSI C Emulation: 0.4
[  8727.728] 	X.Org Video Driver: 25.2
[  8727.728] 	X.Org XInput driver : 24.4
[  8727.728] 	X.Org Server Extension : 10.0
[  8727.728] (II) xfree86: Adding drm device (/dev/dri/card0)
[  8727.728] (II) Platform probe for /sys/devices/pci0000:00/0000:00:08.1/0000:03:00.0/drm/card0
[  8727.731] (--) PCI:*(3@0:0:0) 1002:15d8:17aa:3804 rev 194, Mem @ 0xc0000000/268435456, 0xd0000000/2097152, 0xd0800000/524288, I/O @ 0x00001000/256
[  8727.731] (WW) Open ACPI failed (/var/run/acpid.socket) (No such file or directory)
[  8727.731] (II) "glx" will be loaded. This was enabled by default and also specified in the config file.
[  8727.731] (II) LoadModule: "dbe"
[  8727.731] (II) Module "dbe" already built-in
[  8727.731] (II) LoadModule: "ddc"
[  8727.731] (II) Module "ddc" already built-in
[  8727.731] (II) LoadModule: "extmod"
[  8727.731] (II) Module "extmod" already built-in
[  8727.731] (II) LoadModule: "glx"
[  8727.731] (II) Loading /usr/lib/xorg/modules/extensions/libglx.so
[  8727.733] (II) Module glx: vendor="X.Org Foundation"
[  8727.733] 	compiled for 1.21.1.2, module version = 1.0.0
[  8727.733] 	ABI class: X.Org Server Extension, version 10.0
[  8727.733] (II) LoadModule: "int10"
[  8727.733] (II) Loading /usr/lib/xorg/modules/libint10.so
[  8727.733] (II) Module int10: vendor="X.Org Foundation"
[  8727.733] 	compiled for 1.21.1.2, module version = 1.0.0
[  8727.733] 	ABI class: X.Org Video Driver, version 25.2
[  8727.733] (II) LoadModule: "record"
[  8727.733] (II) Module "record" already built-in
[  8727.733] (II) LoadModule: "vbe"
[  8727.733] (II) Loading /usr/lib/xorg/modules/libint10.so
[  8727.733] (II) Module int10: vendor="X.Org Foundation"
[  8727.733] 	compiled for 1.21.1.2, module version = 1.0.0
[  8727.733] 	ABI class: X.Org Video Driver, version 25.2
[  8727.733] (II) LoadModule: "xorgxrdp"
[  8727.733] (II) Loading /usr/lib/xorg/modules/libxorgxrdp.so
[  8727.733] (II) Module XORGXRDP: vendor="X.Org Foundation"
[  8727.733] 	compiled for 1.21.1.1, module version = 0.2.17
[  8727.733] 	ABI class: X.Org Video Driver, version 25.2
[  8727.733] xorgxrdpSetup:
[  8727.733] (II) LoadModule: "fb"
[  8727.733] (II) Module "fb" already built-in
[  8727.733] (II) LoadModule: "xrdpdev"
[  8727.734] (II) Loading /usr/lib/xorg/modules/drivers/xrdpdev_drv.so
[  8727.734] (II) Module XRDPDEV: vendor="X.Org Foundation"
[  8727.734] 	compiled for 1.21.1.1, module version = 0.2.17
[  8727.734] 	ABI class: X.Org Video Driver, version 25.2
[  8727.734] xrdpdevSetup:
[  8727.734] (II) LoadModule: "xrdpmouse"
[  8727.734] (II) Loading /usr/lib/xorg/modules/input/xrdpmouse_drv.so
[  8727.734] (II) Module XRDPMOUSE: vendor="X.Org Foundation"
[  8727.734] 	compiled for 1.21.1.1, module version = 0.2.17
[  8727.734] 	Module class: X.Org XInput Driver
[  8727.734] 	ABI class: X.Org XInput driver, version 24.4
[  8727.734] rdpmousePlug:
[  8727.734] (II) LoadModule: "xrdpkeyb"
[  8727.734] (II) Loading /usr/lib/xorg/modules/input/xrdpkeyb_drv.so
[  8727.734] (II) Module XRDPKEYB: vendor="X.Org Foundation"
[  8727.734] 	compiled for 1.21.1.1, module version = 0.2.17
[  8727.734] 	Module class: X.Org XInput Driver
[  8727.734] 	ABI class: X.Org XInput driver, version 24.4
[  8727.734] rdpkeybPlug:
[  8727.734] rdpIdentify:
[  8727.734] (II) XRDPDEV: driver for xrdp: XRDPDEV
[  8727.734] rdpDriverFunc: op 10
[  8727.734] (WW) Falling back to old probe method for XRDPDEV
[  8727.734] rdpProbe:
[  8727.734] (II) Loading sub module "fb"
[  8727.734] (II) LoadModule: "fb"
[  8727.734] (II) Module "fb" already built-in
[  8727.734] (II) XRDPDEV(0): using default device
[  8727.734] (WW) VGA arbiter: cannot open kernel arbiter, no multi-card support
[  8727.734] rdpPreInit:
[  8727.734] (**) XRDPDEV(0): Depth 24, (--) framebuffer bpp 32
[  8727.734] (==) XRDPDEV(0): RGB weight 888
[  8727.734] (==) XRDPDEV(0): Using gamma correction (1.0, 1.0, 1.0)
[  8727.734] (==) XRDPDEV(0): Default visual is TrueColor
[  8727.734] (==) XRDPDEV(0): DPI set to (96, 96)
[  8727.734] (II) XRDPDEV(0): 	mode "640x480" ok
[  8727.734] (II) XRDPDEV(0): 	mode "800x600" ok
[  8727.734] (II) XRDPDEV(0): Virtual size is 800x600 (pitch 800)
[  8727.734] (**) XRDPDEV(0):  Default mode "800x600": 36.0 MHz (scaled from 0.0 MHz), 35.2 kHz, 56.2 Hz
[  8727.734] (II) XRDPDEV(0): Modeline "800x600"x0.0   36.00  800 824 896 1024  600 601 603 625 +hsync +vsync (35.2 kHz d)
[  8727.734] rdpScreenInit: virtualX 800 virtualY 600 rgbBits 8 depth 24
[  8727.734] rdpScreenInit: pfbMemory bytes 1920000
[  8727.734] rdpScreenInit: pfbMemory 0x7f2aa9dab2f0
[  8727.734] rdpSimdInit: assigning yuv functions
[  8727.734] rdpSimdInit: cpuid ax 1 cx 0 return ax 0x00810f81 bx 0x03080800 cx 0x7ed8320b dx 0x178bfbff
[  8727.734] rdpSimdInit: sse2 amd64 yuv functions assigned
[  8727.734] (==) XRDPDEV(0): Backing store enabled
[  8727.734] rdpClientConInit: disconnect idle session after [0] sec
[  8727.735] rdpClientConInit: kill disconnected [0] timeout [0] sec
[  8727.735] rdpXvInit: depth 24
[  8727.735] rdpScreenInit: out
[  8727.735] (II) Initializing extension Generic Event Extension
[  8727.735] (II) Initializing extension SHAPE
[  8727.735] (II) Initializing extension MIT-SHM
[  8727.735] (II) Initializing extension XInputExtension
[  8727.735] (II) Initializing extension XTEST
[  8727.736] (II) Initializing extension BIG-REQUESTS
[  8727.736] (II) Initializing extension SYNC
[  8727.736] (II) Initializing extension XKEYBOARD
[  8727.736] (II) Initializing extension XC-MISC
[  8727.736] (II) Initializing extension SECURITY
[  8727.737] (II) Initializing extension XFIXES
[  8727.737] (II) Initializing extension RENDER
[  8727.737] (II) Initializing extension RANDR
[  8727.738] (II) Initializing extension COMPOSITE
[  8727.738] (II) Initializing extension DAMAGE
[  8727.738] (II) Initializing extension MIT-SCREEN-SAVER
[  8727.738] (II) Initializing extension DOUBLE-BUFFER
[  8727.738] (II) Initializing extension RECORD
[  8727.739] (II) Initializing extension DPMS
[  8727.739] (II) Initializing extension Present
[  8727.739] (II) Initializing extension DRI3
[  8727.739] (II) Initializing extension X-Resource
[  8727.739] (II) Initializing extension XVideo
[  8727.739] (II) Initializing extension XVideo-MotionCompensation
[  8727.739] (II) Initializing extension GLX
[  8727.740] (II) AIGLX: Screen 0 is not DRI2 capable
[  8727.740] (EE) AIGLX error: dlopen of /usr/lib/xorg/modules/dri/swrast_dri.so failed (Error loading shared library /usr/lib/xorg/modules/dri/swrast_dri.so: No such file or directory)
[  8727.740] (EE) AIGLX error: unable to load driver swrast
[  8727.740] (EE) GLX: could not load software renderer
[  8727.740] (II) GLX: no usable GL providers found for screen 0
[  8727.740] (II) Initializing extension XFree86-VidModeExtension
[  8727.740] (II) Initializing extension XFree86-DGA
[  8727.740] (II) Initializing extension XFree86-DRI
[  8727.740] (II) Initializing extension DRI2
[  8727.740] rdpCreateScreenResources:
[  8727.786] (II) Using input driver 'XRDPMOUSE' for 'xrdpMouse'
[  8727.786] (**) Option "CorePointer"
[  8727.786] (**) xrdpMouse: always reports core events
[  8727.786] rdpmousePreInit: drv 0x7f2aaa2cfd50 info 0x7f2aa9d40d30, flags 0x0
[  8727.786] (II) XINPUT: Adding extended input device "xrdpMouse" (type: Mouse, id 6)
[  8727.786] rdpmouseControl: what 0
[  8727.786] rdpmouseDeviceInit:
[  8727.786] rdpmouseCtrl:
[  8727.786] rdpRegisterInputCallback: type 1 proc 0x7f2aa9f863b1
[  8727.786] (**) xrdpMouse: (accel) keeping acceleration scheme 1
[  8727.786] (**) xrdpMouse: (accel) acceleration profile 0
[  8727.786] (**) xrdpMouse: (accel) acceleration factor: 2.000
[  8727.786] (**) xrdpMouse: (accel) acceleration threshold: 4
[  8727.786] rdpmouseControl: what 1
[  8727.786] rdpmouseDeviceOn:
[  8727.786] (II) Using input driver 'XRDPKEYB' for 'xrdpKeyboard'
[  8727.786] (**) Option "CoreKeyboard"
[  8727.786] (**) xrdpKeyboard: always reports core events
[  8727.786] rdpkeybPreInit: drv 0x7f2aaa2cce00 info 0x7f2aa9b17010, flags 0x0
[  8727.786] (II) XINPUT: Adding extended input device "xrdpKeyboard" (type: Keyboard, id 7)
[  8727.786] rdpkeybControl: what 0
[  8727.786] rdpkeybDeviceInit:
[  8727.820] rdpkeybChangeKeyboardControl:
[  8727.820] rdpkeybChangeKeyboardControl: autoRepeat on
[  8727.821] rdpRegisterInputCallback: type 0 proc 0x7f2aa9f818a8
[  8727.821] rdpkeybControl: what 1
[  8727.821] rdpkeybDeviceOn:
[  8727.824] (II) config/udev: Adding drm device (/dev/dri/card0)
[  8727.824] (II) xfree86: Adding drm device (/dev/dri/card0)
[  8727.824] (II) Platform probe for /sys/devices/pci0000:00/0000:00:08.1/0000:03:00.0/drm/card0
[  8727.831] rdpDeferredRandR:
[  8727.831] rdpResizeSession: width 1024 height 768
[  8727.831]   calling RRScreenSizeSet
[  8727.831] rdpRRScreenSetSize: width 1024 height 768 mmWidth 271 mmHeight 203
[  8727.831] rdpRRGetInfo:
[  8727.831]   screen resized to 1024x768
[  8727.833]   RRScreenSizeSet ok 1
[  8727.833] rdpResizeSession: width 1364 height 642
[  8727.833]   calling RRScreenSizeSet
[  8727.833] rdpRRScreenSetSize: width 1364 height 642 mmWidth 361 mmHeight 170
[  8727.834] rdpRRGetInfo:
[  8727.834]   screen resized to 1364x642
[  8727.836]   RRScreenSizeSet ok 1
[  8727.836] rdpClientConGotConnection:
[  8727.836] rdpClientConGotConnection: g_sck_accept ok new_sck 7
[  8727.836] rdpClientConGetConnection: idle_disconnect_timeout set to non-positive value, idle timer turned off
[  8727.836] rdpAddClientConToDev: adding first clientCon 0x7f2aa9f6c0b0
[  8727.836] rdpClientConProcessMsgVersion: version 0 0 0 1
[  8727.836] rdpClientConProcessScreenSizeMsg: set width 1364 height 642 bpp 16
[  8727.836] rdpClientConProcessScreenSizeMsg: shmemid 0 shmemptr 0x7f2aa9db7000
[  8727.836] rdpClientConProcessMsgClientInput: invalidate x 0 y 0 cx 1364 cy 642
[  8727.920] rdpInDeferredRepeatCallback:
[  8727.921] rdpkeybChangeKeyboardControl:
[  8727.921] rdpkeybChangeKeyboardControl: autoRepeat off
[  8727.996] rdpRRGetInfo:
[  8728.027] rdpClientConProcessMsgClientInfo:
[  8728.027]   got client info bytes 7072
[  8728.027]   jpeg support 0
[  8728.027]   offscreen support 0
[  8728.027]   offscreen size 0
[  8728.027]   offscreen entries 0
[  8728.027]   client supports glyph cache but server disabled
[  8728.027]   client can not do offscreen to offscreen blits
[  8728.027]   client can do new(color) cursor
[  8728.027]   client can not do multimon
[  8728.027] rdpRRSetRdpOutputs: numCrtcs 0 numOutputs 0 monitorCount 0
[  8728.027] rdpRRSetRdpOutputs: add output 0 left 0 top 0 width 1364 height 642
[  8728.027] rdpLoadLayout: keylayout 0x00000409 variant  display 11
[  8728.027] rdpkeybChangeKeyboardControl:
[  8728.027] rdpkeybChangeKeyboardControl: autoRepeat on
[  8728.028] rdpkeybChangeKeyboardControl:
[  8728.028] rdpkeybChangeKeyboardControl: autoRepeat on
[  8728.127] rdpInDeferredRepeatCallback:
[  8728.127] rdpkeybChangeKeyboardControl:
[  8728.127] rdpkeybChangeKeyboardControl: autoRepeat off
[  8728.128] rdpInDeferredRepeatCallback:
[  8728.128] rdpkeybChangeKeyboardControl:
[  8728.128] rdpkeybChangeKeyboardControl: autoRepeat off
[  8887.919] rdpClientConRecv: g_sck_recv failed(returned 0)
[  8887.919] rdpClientConRecvMsg: error
[  8887.919] rdpClientConCheck: rdpClientConGotData failed
[  8887.919] rdpClientConDisconnect:
[  8887.919] rdpRemoveClientConFromDev: removing clientCon 0x7f2aa9f6c0b0
